[0.805s] Invoking command in '/home/elianaostro/Documents/robotica/build/turtlebot3_custom_simulation': CMAKE_PREFIX_PATH=${CMAKE_PREFIX_PATH}:/opt/ros/jazzy /usr/bin/cmake /home/elianaostro/Documents/robotica/turtlebot3_custom_simulation -DAMENT_CMAKE_SYMLINK_INSTALL=1 -DCMAKE_INSTALL_PREFIX=/home/elianaostro/Documents/robotica/install/turtlebot3_custom_simulation
[1.163s] -- The C compiler identification is GNU 13.3.0
[1.454s] -- The CXX compiler identification is GNU 13.3.0
[1.518s] -- Detecting C compiler ABI info
[1.851s] -- Detecting C compiler ABI info - done
[1.892s] -- Check for working C compiler: /usr/bin/cc - skipped
[1.893s] -- Detecting C compile features
[1.895s] -- Detecting C compile features - done
[1.933s] -- Detecting CXX compiler ABI info
[2.366s] -- Detecting CXX compiler ABI info - done
[2.416s] -- Check for working CXX compiler: /usr/bin/c++ - skipped
[2.417s] -- Detecting CXX compile features
[2.419s] -- Detecting CXX compile features - done
[2.442s] -- Found ament_cmake: 2.5.5 (/opt/ros/jazzy/share/ament_cmake/cmake)
[3.071s] -- Found Python3: /usr/bin/python3 (found version "3.12.3") found components: Interpreter 
[3.412s] -- Override CMake install command with custom implementation using symlinks instead of copying resources
[3.669s] -- Found geometry_msgs: 5.3.6 (/opt/ros/jazzy/share/geometry_msgs/cmake)
[3.961s] -- Found rosidl_generator_c: 4.6.7 (/opt/ros/jazzy/share/rosidl_generator_c/cmake)
[4.052s] -- Found rosidl_generator_cpp: 4.6.7 (/opt/ros/jazzy/share/rosidl_generator_cpp/cmake)
[4.162s] -- Using all available rosidl_typesupport_c: rosidl_typesupport_fastrtps_c;rosidl_typesupport_introspection_c
[4.274s] -- Using all available rosidl_typesupport_cpp: rosidl_typesupport_fastrtps_cpp;rosidl_typesupport_introspection_cpp
[4.539s] -- Found nav_msgs: 5.3.6 (/opt/ros/jazzy/share/nav_msgs/cmake)
[4.762s] -- Found rclcpp: 28.1.16 (/opt/ros/jazzy/share/rclcpp/cmake)
[5.046s] -- Found rmw_implementation_cmake: 7.3.3 (/opt/ros/jazzy/share/rmw_implementation_cmake/cmake)
[5.067s] -- Found rmw_fastrtps_cpp: 8.4.3 (/opt/ros/jazzy/share/rmw_fastrtps_cpp/cmake)
[5.482s] -- Found OpenSSL: /usr/lib/x86_64-linux-gnu/libcrypto.so (found version "3.0.13")  
[5.574s] -- Found FastRTPS: /opt/ros/jazzy/include (Required is at least version "2.13") 
[5.678s] -- Using RMW implementation 'rmw_fastrtps_cpp' as default
[6.097s] -- Found sensor_msgs: 5.3.6 (/opt/ros/jazzy/share/sensor_msgs/cmake)
[6.240s] -- Found tf2: 0.36.19 (/opt/ros/jazzy/share/tf2/cmake)
[6.273s] -- Found tf2_msgs: 0.36.19 (/opt/ros/jazzy/share/tf2_msgs/cmake)
[6.652s] [31mCMake Error at CMakeLists.txt:18 (find_package):
[6.653s]   By not providing "Findturtlebot3_msgs.cmake" in CMAKE_MODULE_PATH this
[6.654s]   project has asked CMake to find a package configuration file provided by
[6.654s]   "turtlebot3_msgs", but CMake did not find one.
[6.655s] 
[6.655s]   Could not find a package configuration file provided by "turtlebot3_msgs"
[6.656s]   with any of the following names:
[6.657s] 
[6.657s]     turtlebot3_msgsConfig.cmake
[6.658s]     turtlebot3_msgs-config.cmake
[6.658s] 
[6.659s]   Add the installation prefix of "turtlebot3_msgs" to CMAKE_PREFIX_PATH or
[6.659s]   set "turtlebot3_msgs_DIR" to a directory containing one of the above files.
[6.660s]   If "turtlebot3_msgs" provides a separate development package or SDK, be
[6.661s]   sure it has been installed.
[6.661s] 
[6.662s] [0m
[6.662s] -- Configuring incomplete, errors occurred!
[6.688s] Invoked command in '/home/elianaostro/Documents/robotica/build/turtlebot3_custom_simulation' returned '1': CMAKE_PREFIX_PATH=${CMAKE_PREFIX_PATH}:/opt/ros/jazzy /usr/bin/cmake /home/elianaostro/Documents/robotica/turtlebot3_custom_simulation -DAMENT_CMAKE_SYMLINK_INSTALL=1 -DCMAKE_INSTALL_PREFIX=/home/elianaostro/Documents/robotica/install/turtlebot3_custom_simulation
