[0.414s] DEBUG:colcon:Command line arguments: ['/usr/bin/colcon', 'build', '--symlink-install']
[0.414s] DEBUG:colcon:Parsed command line arguments: Namespace(log_base=None, log_level=None, verb_name='build', build_base='build', install_base='install', merge_install=False, symlink_install=True, test_result_base=None, continue_on_error=False, executor='parallel', parallel_workers=8, event_handlers=None, ignore_user_meta=False, metas=['./colcon.meta'], base_paths=['.'], packages_ignore=None, packages_ignore_regex=None, paths=None, packages_up_to=None, packages_up_to_regex=None, packages_above=None, packages_above_and_dependencies=None, packages_above_depth=None, packages_select_by_dep=None, packages_skip_by_dep=None, packages_skip_up_to=None, packages_select_build_failed=False, packages_skip_build_finished=False, packages_select_test_failures=False, packages_skip_test_passed=False, packages_select=None, packages_skip=None, packages_select_regex=None, packages_skip_regex=None, packages_start=None, packages_end=None, allow_overriding=[], cmake_args=None, cmake_target=None, cmake_target_skip_unavailable=False, cmake_clean_cache=False, cmake_clean_first=False, cmake_force_configure=False, ament_cmake_args=None, catkin_cmake_args=None, catkin_skip_building_tests=False, mixin_files=None, mixin=None, verb_parser=<colcon_mixin.mixin.mixin_argument.MixinArgumentDecorator object at 0x7d2eb9360bc0>, verb_extension=<colcon_core.verb.build.BuildVerb object at 0x7d2eb92dffb0>, main=<bound method BuildVerb.main of <colcon_core.verb.build.BuildVerb object at 0x7d2eb92dffb0>>, mixin_verb=('build',))
[0.547s] Level 1:colcon.colcon_core.package_discovery:discover_packages(colcon_meta) check parameters
[0.547s] Level 1:colcon.colcon_core.package_discovery:discover_packages(recursive) check parameters
[0.547s] Level 1:colcon.colcon_core.package_discovery:discover_packages(ignore) check parameters
[0.547s] Level 1:colcon.colcon_core.package_discovery:discover_packages(path) check parameters
[0.547s] Level 1:colcon.colcon_core.package_discovery:discover_packages(colcon_meta) discover
[0.547s] Level 1:colcon.colcon_core.package_discovery:discover_packages(recursive) discover
[0.547s] INFO:colcon.colcon_core.package_discovery:Crawling recursively for packages in '/home/elianaostro/Documents/robotica'
[0.548s] Level 1:colcon.colcon_core.package_identification:_identify(.) by extensions ['ignore', 'ignore_ament_install']
[0.548s] Level 1:colcon.colcon_core.package_identification:_identify(.) by extension 'ignore'
[0.548s] Level 1:colcon.colcon_core.package_identification:_identify(.) by extension 'ignore_ament_install'
[0.548s] Level 1:colcon.colcon_core.package_identification:_identify(.) by extensions ['colcon_pkg']
[0.548s] Level 1:colcon.colcon_core.package_identification:_identify(.) by extension 'colcon_pkg'
[0.548s] Level 1:colcon.colcon_core.package_identification:_identify(.) by extensions ['colcon_meta']
[0.548s] Level 1:colcon.colcon_core.package_identification:_identify(.) by extension 'colcon_meta'
[0.549s] Level 1:colcon.colcon_core.package_identification:_identify(.) by extensions ['ros']
[0.549s] Level 1:colcon.colcon_core.package_identification:_identify(.) by extension 'ros'
[0.617s] Level 1:colcon.colcon_core.package_identification:_identify(.) by extensions ['cmake', 'python']
[0.617s] Level 1:colcon.colcon_core.package_identification:_identify(.) by extension 'cmake'
[0.617s] Level 1:colcon.colcon_core.package_identification:_identify(.) by extension 'python'
[0.618s] Level 1:colcon.colcon_core.package_identification:_identify(.) by extensions ['python_setup_py']
[0.618s] Level 1:colcon.colcon_core.package_identification:_identify(.) by extension 'python_setup_py'
[0.618s] Level 1:colcon.colcon_core.package_identification:_identify(build) by extensions ['ignore', 'ignore_ament_install']
[0.618s] Level 1:colcon.colcon_core.package_identification:_identify(build) by extension 'ignore'
[0.619s] Level 1:colcon.colcon_core.package_identification:_identify(build) ignored
[0.619s] Level 1:colcon.colcon_core.package_identification:_identify(install) by extensions ['ignore', 'ignore_ament_install']
[0.620s] Level 1:colcon.colcon_core.package_identification:_identify(install) by extension 'ignore'
[0.620s] Level 1:colcon.colcon_core.package_identification:_identify(install) ignored
[0.620s] Level 1:colcon.colcon_core.package_identification:_identify(log) by extensions ['ignore', 'ignore_ament_install']
[0.620s] Level 1:colcon.colcon_core.package_identification:_identify(log) by extension 'ignore'
[0.620s] Level 1:colcon.colcon_core.package_identification:_identify(log) ignored
[0.621s] Level 1:colcon.colcon_core.package_identification:_identify(tp2) by extensions ['ignore', 'ignore_ament_install']
[0.621s] Level 1:colcon.colcon_core.package_identification:_identify(tp2) by extension 'ignore'
[0.621s] Level 1:colcon.colcon_core.package_identification:_identify(tp2) by extension 'ignore_ament_install'
[0.622s] Level 1:colcon.colcon_core.package_identification:_identify(tp2) by extensions ['colcon_pkg']
[0.622s] Level 1:colcon.colcon_core.package_identification:_identify(tp2) by extension 'colcon_pkg'
[0.622s] Level 1:colcon.colcon_core.package_identification:_identify(tp2) by extensions ['colcon_meta']
[0.622s] Level 1:colcon.colcon_core.package_identification:_identify(tp2) by extension 'colcon_meta'
[0.622s] Level 1:colcon.colcon_core.package_identification:_identify(tp2) by extensions ['ros']
[0.622s] Level 1:colcon.colcon_core.package_identification:_identify(tp2) by extension 'ros'
[0.630s] DEBUG:colcon.colcon_core.package_identification:Package 'tp2' with type 'ros.ament_python' and name 'tp2'
[0.630s] Level 1:colcon.colcon_core.package_identification:_identify(turtlebot3_custom_simulation) by extensions ['ignore', 'ignore_ament_install']
[0.630s] Level 1:colcon.colcon_core.package_identification:_identify(turtlebot3_custom_simulation) by extension 'ignore'
[0.631s] Level 1:colcon.colcon_core.package_identification:_identify(turtlebot3_custom_simulation) by extension 'ignore_ament_install'
[0.631s] Level 1:colcon.colcon_core.package_identification:_identify(turtlebot3_custom_simulation) by extensions ['colcon_pkg']
[0.631s] Level 1:colcon.colcon_core.package_identification:_identify(turtlebot3_custom_simulation) by extension 'colcon_pkg'
[0.631s] Level 1:colcon.colcon_core.package_identification:_identify(turtlebot3_custom_simulation) by extensions ['colcon_meta']
[0.631s] Level 1:colcon.colcon_core.package_identification:_identify(turtlebot3_custom_simulation) by extension 'colcon_meta'
[0.631s] Level 1:colcon.colcon_core.package_identification:_identify(turtlebot3_custom_simulation) by extensions ['ros']
[0.631s] Level 1:colcon.colcon_core.package_identification:_identify(turtlebot3_custom_simulation) by extension 'ros'
[0.633s] DEBUG:colcon.colcon_core.package_identification:Package 'turtlebot3_custom_simulation' with type 'ros.ament_cmake' and name 'turtlebot3_custom_simulation'
[0.633s] Level 1:colcon.colcon_core.package_discovery:discover_packages(recursive) using defaults
[0.634s] Level 1:colcon.colcon_core.package_discovery:discover_packages(ignore) discover
[0.634s] Level 1:colcon.colcon_core.package_discovery:discover_packages(ignore) using defaults
[0.634s] Level 1:colcon.colcon_core.package_discovery:discover_packages(path) discover
[0.634s] Level 1:colcon.colcon_core.package_discovery:discover_packages(path) using defaults
[0.699s] Level 1:colcon.colcon_core.package_discovery:discover_packages(prefix_path) check parameters
[0.699s] Level 1:colcon.colcon_core.package_discovery:discover_packages(prefix_path) discover
[0.712s] DEBUG:colcon.colcon_installed_package_information.package_discovery:Found 317 installed packages in /opt/ros/jazzy
[0.715s] Level 1:colcon.colcon_core.package_discovery:discover_packages(prefix_path) using defaults
[0.848s] Level 5:colcon.colcon_core.verb:set package 'tp2' build argument 'cmake_args' from command line to 'None'
[0.848s] Level 5:colcon.colcon_core.verb:set package 'tp2' build argument 'cmake_target' from command line to 'None'
[0.848s] Level 5:colcon.colcon_core.verb:set package 'tp2' build argument 'cmake_target_skip_unavailable' from command line to 'False'
[0.848s] Level 5:colcon.colcon_core.verb:set package 'tp2' build argument 'cmake_clean_cache' from command line to 'False'
[0.848s] Level 5:colcon.colcon_core.verb:set package 'tp2' build argument 'cmake_clean_first' from command line to 'False'
[0.849s] Level 5:colcon.colcon_core.verb:set package 'tp2' build argument 'cmake_force_configure' from command line to 'False'
[0.849s] Level 5:colcon.colcon_core.verb:set package 'tp2' build argument 'ament_cmake_args' from command line to 'None'
[0.849s] Level 5:colcon.colcon_core.verb:set package 'tp2' build argument 'catkin_cmake_args' from command line to 'None'
[0.849s] Level 5:colcon.colcon_core.verb:set package 'tp2' build argument 'catkin_skip_building_tests' from command line to 'False'
[0.849s] DEBUG:colcon.colcon_core.verb:Building package 'tp2' with the following arguments: {'ament_cmake_args': None, 'build_base': '/home/elianaostro/Documents/robotica/build/tp2', 'catkin_cmake_args': None, 'catkin_skip_building_tests': False, 'cmake_args': None, 'cmake_clean_cache': False, 'cmake_clean_first': False, 'cmake_force_configure': False, 'cmake_target': None, 'cmake_target_skip_unavailable': False, 'install_base': '/home/elianaostro/Documents/robotica/install/tp2', 'merge_install': False, 'path': '/home/elianaostro/Documents/robotica/tp2', 'symlink_install': True, 'test_result_base': None}
[0.849s] Level 5:colcon.colcon_core.verb:set package 'turtlebot3_custom_simulation' build argument 'cmake_args' from command line to 'None'
[0.849s] Level 5:colcon.colcon_core.verb:set package 'turtlebot3_custom_simulation' build argument 'cmake_target' from command line to 'None'
[0.850s] Level 5:colcon.colcon_core.verb:set package 'turtlebot3_custom_simulation' build argument 'cmake_target_skip_unavailable' from command line to 'False'
[0.850s] Level 5:colcon.colcon_core.verb:set package 'turtlebot3_custom_simulation' build argument 'cmake_clean_cache' from command line to 'False'
[0.850s] Level 5:colcon.colcon_core.verb:set package 'turtlebot3_custom_simulation' build argument 'cmake_clean_first' from command line to 'False'
[0.850s] Level 5:colcon.colcon_core.verb:set package 'turtlebot3_custom_simulation' build argument 'cmake_force_configure' from command line to 'False'
[0.850s] Level 5:colcon.colcon_core.verb:set package 'turtlebot3_custom_simulation' build argument 'ament_cmake_args' from command line to 'None'
[0.850s] Level 5:colcon.colcon_core.verb:set package 'turtlebot3_custom_simulation' build argument 'catkin_cmake_args' from command line to 'None'
[0.850s] Level 5:colcon.colcon_core.verb:set package 'turtlebot3_custom_simulation' build argument 'catkin_skip_building_tests' from command line to 'False'
[0.850s] DEBUG:colcon.colcon_core.verb:Building package 'turtlebot3_custom_simulation' with the following arguments: {'ament_cmake_args': None, 'build_base': '/home/elianaostro/Documents/robotica/build/turtlebot3_custom_simulation', 'catkin_cmake_args': None, 'catkin_skip_building_tests': False, 'cmake_args': None, 'cmake_clean_cache': False, 'cmake_clean_first': False, 'cmake_force_configure': False, 'cmake_target': None, 'cmake_target_skip_unavailable': False, 'install_base': '/home/elianaostro/Documents/robotica/install/turtlebot3_custom_simulation', 'merge_install': False, 'path': '/home/elianaostro/Documents/robotica/turtlebot3_custom_simulation', 'symlink_install': True, 'test_result_base': None}
[0.850s] INFO:colcon.colcon_core.executor:Executing jobs using 'parallel' executor
[0.852s] DEBUG:colcon.colcon_parallel_executor.executor.parallel:run_until_complete
[0.852s] INFO:colcon.colcon_ros.task.ament_python.build:Building ROS package in '/home/elianaostro/Documents/robotica/tp2' with build type 'ament_python'
[0.852s] Level 1:colcon.colcon_core.shell:create_environment_hook('tp2', 'ament_prefix_path')
[0.859s] INFO:colcon.colcon_core.plugin_system:Skipping extension 'colcon_core.shell.bat': Not used on non-Windows systems
[0.860s] INFO:colcon.colcon_core.shell:Creating environment hook '/home/elianaostro/Documents/robotica/install/tp2/share/tp2/hook/ament_prefix_path.ps1'
[0.862s] INFO:colcon.colcon_core.shell:Creating environment descriptor '/home/elianaostro/Documents/robotica/install/tp2/share/tp2/hook/ament_prefix_path.dsv'
[0.863s] INFO:colcon.colcon_core.shell:Creating environment hook '/home/elianaostro/Documents/robotica/install/tp2/share/tp2/hook/ament_prefix_path.sh'
[0.865s] INFO:colcon.colcon_core.shell:Skip shell extension 'powershell' for command environment: Not usable outside of PowerShell
[0.865s] DEBUG:colcon.colcon_core.shell:Skip shell extension 'dsv' for command environment
[0.874s] INFO:colcon.colcon_ros.task.ament_cmake.build:Building ROS package in '/home/elianaostro/Documents/robotica/turtlebot3_custom_simulation' with build type 'ament_cmake'
[0.874s] INFO:colcon.colcon_cmake.task.cmake.build:Building CMake package in '/home/elianaostro/Documents/robotica/turtlebot3_custom_simulation'
[0.875s] INFO:colcon.colcon_core.shell:Skip shell extension 'powershell' for command environment: Not usable outside of PowerShell
[0.875s] DEBUG:colcon.colcon_core.shell:Skip shell extension 'dsv' for command environment
[1.655s] INFO:colcon.colcon_core.task.python.build:Building Python package in '/home/elianaostro/Documents/robotica/tp2'
[1.656s] INFO:colcon.colcon_core.shell:Skip shell extension 'powershell' for command environment: Not usable outside of PowerShell
[1.656s] DEBUG:colcon.colcon_core.shell:Skip shell extension 'dsv' for command environment
[1.681s] DEBUG:colcon.colcon_core.event_handler.log_command:Invoking command in '/home/elianaostro/Documents/robotica/build/turtlebot3_custom_simulation': CMAKE_PREFIX_PATH=${CMAKE_PREFIX_PATH}:/opt/ros/jazzy /usr/bin/cmake /home/elianaostro/Documents/robotica/turtlebot3_custom_simulation -DAMENT_CMAKE_SYMLINK_INSTALL=1 -DCMAKE_INSTALL_PREFIX=/home/elianaostro/Documents/robotica/install/turtlebot3_custom_simulation
[4.576s] DEBUG:colcon.colcon_core.event_handler.log_command:Invoking command in '/home/elianaostro/Documents/robotica/build/tp2': PYTHONPATH=/home/elianaostro/Documents/robotica/build/tp2/prefix_override:/usr/lib/python3/dist-packages/colcon_core/task/python/colcon_distutils_commands:/home/elianaostro/Documents/robotica/install/tp2/lib/python3.12/site-packages:${PYTHONPATH} /usr/bin/python3 -W ignore:setup.py install is deprecated -W ignore:easy_install command is deprecated setup.py develop --editable --build-directory /home/elianaostro/Documents/robotica/build/tp2/build --no-deps symlink_data
[7.564s] DEBUG:colcon.colcon_core.event_handler.log_command:Invoked command in '/home/elianaostro/Documents/robotica/build/turtlebot3_custom_simulation' returned '1': CMAKE_PREFIX_PATH=${CMAKE_PREFIX_PATH}:/opt/ros/jazzy /usr/bin/cmake /home/elianaostro/Documents/robotica/turtlebot3_custom_simulation -DAMENT_CMAKE_SYMLINK_INSTALL=1 -DCMAKE_INSTALL_PREFIX=/home/elianaostro/Documents/robotica/install/turtlebot3_custom_simulation
[7.611s] Level 1:colcon.colcon_core.environment:create_environment_scripts_only(turtlebot3_custom_simulation)
[7.622s] Level 1:colcon.colcon_core.environment:checking '/home/elianaostro/Documents/robotica/install/turtlebot3_custom_simulation' for CMake module files
[7.624s] Level 1:colcon.colcon_core.environment:checking '/home/elianaostro/Documents/robotica/install/turtlebot3_custom_simulation' for CMake config files
[7.625s] Level 1:colcon.colcon_core.environment:checking '/home/elianaostro/Documents/robotica/install/turtlebot3_custom_simulation/bin'
[7.625s] Level 1:colcon.colcon_core.environment:checking '/home/elianaostro/Documents/robotica/install/turtlebot3_custom_simulation/lib/pkgconfig/turtlebot3_custom_simulation.pc'
[7.627s] Level 1:colcon.colcon_core.environment:checking '/home/elianaostro/Documents/robotica/install/turtlebot3_custom_simulation/lib/python3.12/site-packages'
[7.629s] Level 1:colcon.colcon_core.environment:checking '/home/elianaostro/Documents/robotica/install/turtlebot3_custom_simulation/bin'
[7.629s] INFO:colcon.colcon_core.shell:Creating package script '/home/elianaostro/Documents/robotica/install/turtlebot3_custom_simulation/share/turtlebot3_custom_simulation/package.ps1'
[7.633s] INFO:colcon.colcon_core.shell:Creating package descriptor '/home/elianaostro/Documents/robotica/install/turtlebot3_custom_simulation/share/turtlebot3_custom_simulation/package.dsv'
[7.635s] INFO:colcon.colcon_core.shell:Creating package script '/home/elianaostro/Documents/robotica/install/turtlebot3_custom_simulation/share/turtlebot3_custom_simulation/package.sh'
[7.638s] INFO:colcon.colcon_core.shell:Creating package script '/home/elianaostro/Documents/robotica/install/turtlebot3_custom_simulation/share/turtlebot3_custom_simulation/package.bash'
[7.640s] INFO:colcon.colcon_core.shell:Creating package script '/home/elianaostro/Documents/robotica/install/turtlebot3_custom_simulation/share/turtlebot3_custom_simulation/package.zsh'
[7.643s] Level 1:colcon.colcon_core.environment:create_file_with_runtime_dependencies(/home/elianaostro/Documents/robotica/install/turtlebot3_custom_simulation/share/colcon-core/packages/turtlebot3_custom_simulation)
[7.824s] DEBUG:colcon.colcon_parallel_executor.executor.parallel:closing loop
[7.825s] DEBUG:colcon.colcon_parallel_executor.executor.parallel:loop closed
[7.825s] DEBUG:colcon.colcon_parallel_executor.executor.parallel:run_until_complete finished with '1'
[7.825s] DEBUG:colcon.colcon_core.event_reactor:joining thread
[7.856s] INFO:colcon.colcon_core.plugin_system:Skipping extension 'colcon_notification.desktop_notification.terminal_notifier': Not used on non-Darwin systems
[7.857s] INFO:colcon.colcon_core.plugin_system:Skipping extension 'colcon_notification.desktop_notification.win32': Not used on non-Windows systems
[7.857s] INFO:colcon.colcon_notification.desktop_notification:Sending desktop notification using 'notify2'
[7.872s] DEBUG:colcon.colcon_core.event_reactor:joined thread
[7.873s] INFO:colcon.colcon_core.shell:Creating prefix script '/home/elianaostro/Documents/robotica/install/local_setup.ps1'
[7.878s] INFO:colcon.colcon_core.shell:Creating prefix util module '/home/elianaostro/Documents/robotica/install/_local_setup_util_ps1.py'
[7.883s] INFO:colcon.colcon_core.shell:Creating prefix chain script '/home/elianaostro/Documents/robotica/install/setup.ps1'
[7.888s] INFO:colcon.colcon_core.shell:Creating prefix script '/home/elianaostro/Documents/robotica/install/local_setup.sh'
[7.891s] INFO:colcon.colcon_core.shell:Creating prefix util module '/home/elianaostro/Documents/robotica/install/_local_setup_util_sh.py'
[7.893s] INFO:colcon.colcon_core.shell:Creating prefix chain script '/home/elianaostro/Documents/robotica/install/setup.sh'
[7.898s] INFO:colcon.colcon_core.shell:Creating prefix script '/home/elianaostro/Documents/robotica/install/local_setup.bash'
[7.900s] INFO:colcon.colcon_core.shell:Creating prefix chain script '/home/elianaostro/Documents/robotica/install/setup.bash'
[7.903s] INFO:colcon.colcon_core.shell:Creating prefix script '/home/elianaostro/Documents/robotica/install/local_setup.zsh'
[7.905s] INFO:colcon.colcon_core.shell:Creating prefix chain script '/home/elianaostro/Documents/robotica/install/setup.zsh'
