-- Found ament_cmake: 2.5.5 (/opt/ros/jazzy/share/ament_cmake/cmake)
-- Override CMake install command with custom implementation using symlinks instead of copying resources
-- Found geometry_msgs: 5.3.6 (/opt/ros/jazzy/share/geometry_msgs/cmake)
-- Found rosidl_generator_c: 4.6.7 (/opt/ros/jazzy/share/rosidl_generator_c/cmake)
-- Found rosidl_generator_cpp: 4.6.7 (/opt/ros/jazzy/share/rosidl_generator_cpp/cmake)
-- Using all available rosidl_typesupport_c: rosidl_typesupport_fastrtps_c;rosidl_typesupport_introspection_c
-- Using all available rosidl_typesupport_cpp: rosidl_typesupport_fastrtps_cpp;rosidl_typesupport_introspection_cpp
-- Found nav_msgs: 5.3.6 (/opt/ros/jazzy/share/nav_msgs/cmake)
-- Found rclcpp: 28.1.16 (/opt/ros/jazzy/share/rclcpp/cmake)
-- Found rmw_implementation_cmake: 7.3.3 (/opt/ros/jazzy/share/rmw_implementation_cmake/cmake)
-- Found rmw_fastrtps_cpp: 8.4.3 (/opt/ros/jazzy/share/rmw_fastrtps_cpp/cmake)
-- Using RMW implementation 'rmw_fastrtps_cpp' as default
-- Found sensor_msgs: 5.3.6 (/opt/ros/jazzy/share/sensor_msgs/cmake)
-- Found tf2: 0.36.19 (/opt/ros/jazzy/share/tf2/cmake)
-- Found tf2_msgs: 0.36.19 (/opt/ros/jazzy/share/tf2_msgs/cmake)
-- Found turtlebot3_msgs: 2.4.0 (/opt/ros/jazzy/share/turtlebot3_msgs/cmake)
-- Configuring done (3.7s)
-- Generating done (0.0s)
-- Build files have been written to: /home/elianaostro/Documents/robotica/build/turtlebot3_custom_simulation
[ 50%] [32mBuilding CXX object CMakeFiles/turtlebot3_custom_simulation.dir/src/turtlebot3_custom_simulation.cpp.o[0m
[100%] [32m[1mLinking CXX executable turtlebot3_custom_simulation[0m
[100%] Built target turtlebot3_custom_simulation
-- Install configuration: ""
-- Execute custom install script
-- Symlinking: /home/elianaostro/Documents/robotica/install/turtlebot3_custom_simulation/lib/turtlebot3_custom_simulation/turtlebot3_custom_simulation
-- Symlinking: /home/elianaostro/Documents/robotica/install/turtlebot3_custom_simulation/share/turtlebot3_custom_simulation/launch/custom_casa.launch.py
-- Symlinking: /home/elianaostro/Documents/robotica/install/turtlebot3_custom_simulation/share/turtlebot3_custom_simulation/launch/custom_casa_obs.launch.py
-- Symlinking: /home/elianaostro/Documents/robotica/install/turtlebot3_custom_simulation/share/turtlebot3_custom_simulation/launch/custom_maze.launch.py
-- Symlinking: /home/elianaostro/Documents/robotica/install/turtlebot3_custom_simulation/share/turtlebot3_custom_simulation/launch/custom_room.launch.py
-- Symlinking: /home/elianaostro/Documents/robotica/install/turtlebot3_custom_simulation/share/turtlebot3_custom_simulation/launch/custom_simulation.launch.py
-- Symlinking: /home/elianaostro/Documents/robotica/install/turtlebot3_custom_simulation/share/turtlebot3_custom_simulation/param/burger.yaml
-- Symlinking: /home/elianaostro/Documents/robotica/install/turtlebot3_custom_simulation/share/turtlebot3_custom_simulation/worlds/Armchair/model.config
-- Symlinking: /home/elianaostro/Documents/robotica/install/turtlebot3_custom_simulation/share/turtlebot3_custom_simulation/worlds/Armchair/model.sdf
-- Symlinking: /home/elianaostro/Documents/robotica/install/turtlebot3_custom_simulation/share/turtlebot3_custom_simulation/worlds/HospitalBot/model.config
-- Symlinking: /home/elianaostro/Documents/robotica/install/turtlebot3_custom_simulation/share/turtlebot3_custom_simulation/worlds/HospitalBot/model.sdf
-- Symlinking: /home/elianaostro/Documents/robotica/install/turtlebot3_custom_simulation/share/turtlebot3_custom_simulation/worlds/Sofa/model.config
-- Symlinking: /home/elianaostro/Documents/robotica/install/turtlebot3_custom_simulation/share/turtlebot3_custom_simulation/worlds/Sofa/model.sdf
-- Symlinking: /home/elianaostro/Documents/robotica/install/turtlebot3_custom_simulation/share/turtlebot3_custom_simulation/worlds/Suitcase1/model.config
-- Symlinking: /home/elianaostro/Documents/robotica/install/turtlebot3_custom_simulation/share/turtlebot3_custom_simulation/worlds/Suitcase1/model.sdf
-- Symlinking: /home/elianaostro/Documents/robotica/install/turtlebot3_custom_simulation/share/turtlebot3_custom_simulation/worlds/Suitcase2H/model.config
-- Symlinking: /home/elianaostro/Documents/robotica/install/turtlebot3_custom_simulation/share/turtlebot3_custom_simulation/worlds/Suitcase2H/model.sdf
-- Symlinking: /home/elianaostro/Documents/robotica/install/turtlebot3_custom_simulation/share/turtlebot3_custom_simulation/worlds/Walls/model.config
-- Symlinking: /home/elianaostro/Documents/robotica/install/turtlebot3_custom_simulation/share/turtlebot3_custom_simulation/worlds/Walls/model.sdf
-- Symlinking: /home/elianaostro/Documents/robotica/install/turtlebot3_custom_simulation/share/turtlebot3_custom_simulation/worlds/casa.world
-- Symlinking: /home/elianaostro/Documents/robotica/install/turtlebot3_custom_simulation/share/turtlebot3_custom_simulation/worlds/casa_o.world
-- Symlinking: /home/elianaostro/Documents/robotica/install/turtlebot3_custom_simulation/share/turtlebot3_custom_simulation/worlds/map/map.pgm
-- Symlinking: /home/elianaostro/Documents/robotica/install/turtlebot3_custom_simulation/share/turtlebot3_custom_simulation/worlds/map/map.yaml
-- Symlinking: /home/elianaostro/Documents/robotica/install/turtlebot3_custom_simulation/share/turtlebot3_custom_simulation/worlds/maze.world
-- Symlinking: /home/elianaostro/Documents/robotica/install/turtlebot3_custom_simulation/share/turtlebot3_custom_simulation/worlds/room.world
-- Symlinking: /home/elianaostro/Documents/robotica/install/turtlebot3_custom_simulation/share/turtlebot3_custom_simulation/worlds/slippery.world
-- Symlinking: /home/elianaostro/Documents/robotica/install/turtlebot3_custom_simulation/include//turtlebot3_custom_simulation/turtlebot3_custom_simulation.hpp
-- Symlinking: /home/elianaostro/Documents/robotica/install/turtlebot3_custom_simulation/share/ament_index/resource_index/package_run_dependencies/turtlebot3_custom_simulation
-- Symlinking: /home/elianaostro/Documents/robotica/install/turtlebot3_custom_simulation/share/ament_index/resource_index/parent_prefix_path/turtlebot3_custom_simulation
-- Symlinking: /home/elianaostro/Documents/robotica/install/turtlebot3_custom_simulation/share/turtlebot3_custom_simulation/environment/ament_prefix_path.sh
-- Symlinking: /home/elianaostro/Documents/robotica/install/turtlebot3_custom_simulation/share/turtlebot3_custom_simulation/environment/ament_prefix_path.dsv
-- Symlinking: /home/elianaostro/Documents/robotica/install/turtlebot3_custom_simulation/share/turtlebot3_custom_simulation/environment/path.sh
-- Symlinking: /home/elianaostro/Documents/robotica/install/turtlebot3_custom_simulation/share/turtlebot3_custom_simulation/environment/path.dsv
-- Symlinking: /home/elianaostro/Documents/robotica/install/turtlebot3_custom_simulation/share/turtlebot3_custom_simulation/local_setup.bash
-- Symlinking: /home/elianaostro/Documents/robotica/install/turtlebot3_custom_simulation/share/turtlebot3_custom_simulation/local_setup.sh
-- Symlinking: /home/elianaostro/Documents/robotica/install/turtlebot3_custom_simulation/share/turtlebot3_custom_simulation/local_setup.zsh
-- Symlinking: /home/elianaostro/Documents/robotica/install/turtlebot3_custom_simulation/share/turtlebot3_custom_simulation/local_setup.dsv
-- Symlinking: /home/elianaostro/Documents/robotica/install/turtlebot3_custom_simulation/share/turtlebot3_custom_simulation/package.dsv
-- Symlinking: /home/elianaostro/Documents/robotica/install/turtlebot3_custom_simulation/share/ament_index/resource_index/packages/turtlebot3_custom_simulation
-- Symlinking: /home/elianaostro/Documents/robotica/install/turtlebot3_custom_simulation/share/turtlebot3_custom_simulation/cmake/ament_cmake_export_include_directories-extras.cmake
-- Symlinking: /home/elianaostro/Documents/robotica/install/turtlebot3_custom_simulation/share/turtlebot3_custom_simulation/cmake/ament_cmake_export_dependencies-extras.cmake
-- Symlinking: /home/elianaostro/Documents/robotica/install/turtlebot3_custom_simulation/share/turtlebot3_custom_simulation/cmake/turtlebot3_custom_simulationConfig.cmake
-- Symlinking: /home/elianaostro/Documents/robotica/install/turtlebot3_custom_simulation/share/turtlebot3_custom_simulation/cmake/turtlebot3_custom_simulationConfig-version.cmake
-- Symlinking: /home/elianaostro/Documents/robotica/install/turtlebot3_custom_simulation/share/turtlebot3_custom_simulation/package.xml
