[0.334s] DEBUG:colcon:Command line arguments: ['/usr/bin/colcon', 'build', '--symlink-install']
[0.334s] DEBUG:colcon:Parsed command line arguments: Namespace(log_base=None, log_level=None, verb_name='build', build_base='build', install_base='install', merge_install=False, symlink_install=True, test_result_base=None, continue_on_error=False, executor='parallel', parallel_workers=8, event_handlers=None, ignore_user_meta=False, metas=['./colcon.meta'], base_paths=['.'], packages_ignore=None, packages_ignore_regex=None, paths=None, packages_up_to=None, packages_up_to_regex=None, packages_above=None, packages_above_and_dependencies=None, packages_above_depth=None, packages_select_by_dep=None, packages_skip_by_dep=None, packages_skip_up_to=None, packages_select_build_failed=False, packages_skip_build_finished=False, packages_select_test_failures=False, packages_skip_test_passed=False, packages_select=None, packages_skip=None, packages_select_regex=None, packages_skip_regex=None, packages_start=None, packages_end=None, allow_overriding=[], cmake_args=None, cmake_target=None, cmake_target_skip_unavailable=False, cmake_clean_cache=False, cmake_clean_first=False, cmake_force_configure=False, ament_cmake_args=None, catkin_cmake_args=None, catkin_skip_building_tests=False, mixin_files=None, mixin=None, verb_parser=<colcon_mixin.mixin.mixin_argument.MixinArgumentDecorator object at 0x7470a47888f0>, verb_extension=<colcon_core.verb.build.BuildVerb object at 0x7470a4713d70>, main=<bound method BuildVerb.main of <colcon_core.verb.build.BuildVerb object at 0x7470a4713d70>>, mixin_verb=('build',))
[0.433s] Level 1:colcon.colcon_core.package_discovery:discover_packages(colcon_meta) check parameters
[0.434s] Level 1:colcon.colcon_core.package_discovery:discover_packages(recursive) check parameters
[0.434s] Level 1:colcon.colcon_core.package_discovery:discover_packages(ignore) check parameters
[0.434s] Level 1:colcon.colcon_core.package_discovery:discover_packages(path) check parameters
[0.434s] Level 1:colcon.colcon_core.package_discovery:discover_packages(colcon_meta) discover
[0.434s] Level 1:colcon.colcon_core.package_discovery:discover_packages(recursive) discover
[0.434s] INFO:colcon.colcon_core.package_discovery:Crawling recursively for packages in '/home/elianaostro/Documents/robotica'
[0.434s] Level 1:colcon.colcon_core.package_identification:_identify(.) by extensions ['ignore', 'ignore_ament_install']
[0.435s] Level 1:colcon.colcon_core.package_identification:_identify(.) by extension 'ignore'
[0.435s] Level 1:colcon.colcon_core.package_identification:_identify(.) by extension 'ignore_ament_install'
[0.435s] Level 1:colcon.colcon_core.package_identification:_identify(.) by extensions ['colcon_pkg']
[0.435s] Level 1:colcon.colcon_core.package_identification:_identify(.) by extension 'colcon_pkg'
[0.435s] Level 1:colcon.colcon_core.package_identification:_identify(.) by extensions ['colcon_meta']
[0.435s] Level 1:colcon.colcon_core.package_identification:_identify(.) by extension 'colcon_meta'
[0.435s] Level 1:colcon.colcon_core.package_identification:_identify(.) by extensions ['ros']
[0.435s] Level 1:colcon.colcon_core.package_identification:_identify(.) by extension 'ros'
[0.496s] Level 1:colcon.colcon_core.package_identification:_identify(.) by extensions ['cmake', 'python']
[0.496s] Level 1:colcon.colcon_core.package_identification:_identify(.) by extension 'cmake'
[0.496s] Level 1:colcon.colcon_core.package_identification:_identify(.) by extension 'python'
[0.497s] Level 1:colcon.colcon_core.package_identification:_identify(.) by extensions ['python_setup_py']
[0.497s] Level 1:colcon.colcon_core.package_identification:_identify(.) by extension 'python_setup_py'
[0.497s] Level 1:colcon.colcon_core.package_identification:_identify(build) by extensions ['ignore', 'ignore_ament_install']
[0.497s] Level 1:colcon.colcon_core.package_identification:_identify(build) by extension 'ignore'
[0.497s] Level 1:colcon.colcon_core.package_identification:_identify(build) ignored
[0.497s] Level 1:colcon.colcon_core.package_identification:_identify(install) by extensions ['ignore', 'ignore_ament_install']
[0.498s] Level 1:colcon.colcon_core.package_identification:_identify(install) by extension 'ignore'
[0.498s] Level 1:colcon.colcon_core.package_identification:_identify(install) ignored
[0.498s] Level 1:colcon.colcon_core.package_identification:_identify(log) by extensions ['ignore', 'ignore_ament_install']
[0.498s] Level 1:colcon.colcon_core.package_identification:_identify(log) by extension 'ignore'
[0.498s] Level 1:colcon.colcon_core.package_identification:_identify(log) ignored
[0.499s] Level 1:colcon.colcon_core.package_identification:_identify(tp2) by extensions ['ignore', 'ignore_ament_install']
[0.499s] Level 1:colcon.colcon_core.package_identification:_identify(tp2) by extension 'ignore'
[0.499s] Level 1:colcon.colcon_core.package_identification:_identify(tp2) by extension 'ignore_ament_install'
[0.499s] Level 1:colcon.colcon_core.package_identification:_identify(tp2) by extensions ['colcon_pkg']
[0.499s] Level 1:colcon.colcon_core.package_identification:_identify(tp2) by extension 'colcon_pkg'
[0.499s] Level 1:colcon.colcon_core.package_identification:_identify(tp2) by extensions ['colcon_meta']
[0.499s] Level 1:colcon.colcon_core.package_identification:_identify(tp2) by extension 'colcon_meta'
[0.499s] Level 1:colcon.colcon_core.package_identification:_identify(tp2) by extensions ['ros']
[0.499s] Level 1:colcon.colcon_core.package_identification:_identify(tp2) by extension 'ros'
[0.505s] DEBUG:colcon.colcon_core.package_identification:Package 'tp2' with type 'ros.ament_python' and name 'tp2'
[0.505s] Level 1:colcon.colcon_core.package_identification:_identify(turtlebot3_custom_simulation) by extensions ['ignore', 'ignore_ament_install']
[0.506s] Level 1:colcon.colcon_core.package_identification:_identify(turtlebot3_custom_simulation) by extension 'ignore'
[0.506s] Level 1:colcon.colcon_core.package_identification:_identify(turtlebot3_custom_simulation) by extension 'ignore_ament_install'
[0.506s] Level 1:colcon.colcon_core.package_identification:_identify(turtlebot3_custom_simulation) by extensions ['colcon_pkg']
[0.506s] Level 1:colcon.colcon_core.package_identification:_identify(turtlebot3_custom_simulation) by extension 'colcon_pkg'
[0.506s] Level 1:colcon.colcon_core.package_identification:_identify(turtlebot3_custom_simulation) by extensions ['colcon_meta']
[0.506s] Level 1:colcon.colcon_core.package_identification:_identify(turtlebot3_custom_simulation) by extension 'colcon_meta'
[0.506s] Level 1:colcon.colcon_core.package_identification:_identify(turtlebot3_custom_simulation) by extensions ['ros']
[0.506s] Level 1:colcon.colcon_core.package_identification:_identify(turtlebot3_custom_simulation) by extension 'ros'
[0.508s] DEBUG:colcon.colcon_core.package_identification:Package 'turtlebot3_custom_simulation' with type 'ros.ament_cmake' and name 'turtlebot3_custom_simulation'
[0.508s] Level 1:colcon.colcon_core.package_discovery:discover_packages(recursive) using defaults
[0.508s] Level 1:colcon.colcon_core.package_discovery:discover_packages(ignore) discover
[0.508s] Level 1:colcon.colcon_core.package_discovery:discover_packages(ignore) using defaults
[0.509s] Level 1:colcon.colcon_core.package_discovery:discover_packages(path) discover
[0.509s] Level 1:colcon.colcon_core.package_discovery:discover_packages(path) using defaults
[0.548s] Level 1:colcon.colcon_core.package_discovery:discover_packages(prefix_path) check parameters
[0.548s] Level 1:colcon.colcon_core.package_discovery:discover_packages(prefix_path) discover
[0.552s] DEBUG:colcon.colcon_installed_package_information.package_discovery:Found 1 installed packages in /home/elianaostro/Documents/robotica/install
[0.555s] DEBUG:colcon.colcon_installed_package_information.package_discovery:Found 318 installed packages in /opt/ros/jazzy
[0.557s] Level 1:colcon.colcon_core.package_discovery:discover_packages(prefix_path) using defaults
[0.666s] Level 5:colcon.colcon_core.verb:set package 'tp2' build argument 'cmake_args' from command line to 'None'
[0.666s] Level 5:colcon.colcon_core.verb:set package 'tp2' build argument 'cmake_target' from command line to 'None'
[0.666s] Level 5:colcon.colcon_core.verb:set package 'tp2' build argument 'cmake_target_skip_unavailable' from command line to 'False'
[0.666s] Level 5:colcon.colcon_core.verb:set package 'tp2' build argument 'cmake_clean_cache' from command line to 'False'
[0.666s] Level 5:colcon.colcon_core.verb:set package 'tp2' build argument 'cmake_clean_first' from command line to 'False'
[0.666s] Level 5:colcon.colcon_core.verb:set package 'tp2' build argument 'cmake_force_configure' from command line to 'False'
[0.666s] Level 5:colcon.colcon_core.verb:set package 'tp2' build argument 'ament_cmake_args' from command line to 'None'
[0.667s] Level 5:colcon.colcon_core.verb:set package 'tp2' build argument 'catkin_cmake_args' from command line to 'None'
[0.667s] Level 5:colcon.colcon_core.verb:set package 'tp2' build argument 'catkin_skip_building_tests' from command line to 'False'
[0.667s] DEBUG:colcon.colcon_core.verb:Building package 'tp2' with the following arguments: {'ament_cmake_args': None, 'build_base': '/home/elianaostro/Documents/robotica/build/tp2', 'catkin_cmake_args': None, 'catkin_skip_building_tests': False, 'cmake_args': None, 'cmake_clean_cache': False, 'cmake_clean_first': False, 'cmake_force_configure': False, 'cmake_target': None, 'cmake_target_skip_unavailable': False, 'install_base': '/home/elianaostro/Documents/robotica/install/tp2', 'merge_install': False, 'path': '/home/elianaostro/Documents/robotica/tp2', 'symlink_install': True, 'test_result_base': None}
[0.667s] Level 5:colcon.colcon_core.verb:set package 'turtlebot3_custom_simulation' build argument 'cmake_args' from command line to 'None'
[0.667s] Level 5:colcon.colcon_core.verb:set package 'turtlebot3_custom_simulation' build argument 'cmake_target' from command line to 'None'
[0.667s] Level 5:colcon.colcon_core.verb:set package 'turtlebot3_custom_simulation' build argument 'cmake_target_skip_unavailable' from command line to 'False'
[0.667s] Level 5:colcon.colcon_core.verb:set package 'turtlebot3_custom_simulation' build argument 'cmake_clean_cache' from command line to 'False'
[0.667s] Level 5:colcon.colcon_core.verb:set package 'turtlebot3_custom_simulation' build argument 'cmake_clean_first' from command line to 'False'
[0.668s] Level 5:colcon.colcon_core.verb:set package 'turtlebot3_custom_simulation' build argument 'cmake_force_configure' from command line to 'False'
[0.668s] Level 5:colcon.colcon_core.verb:set package 'turtlebot3_custom_simulation' build argument 'ament_cmake_args' from command line to 'None'
[0.668s] Level 5:colcon.colcon_core.verb:set package 'turtlebot3_custom_simulation' build argument 'catkin_cmake_args' from command line to 'None'
[0.668s] Level 5:colcon.colcon_core.verb:set package 'turtlebot3_custom_simulation' build argument 'catkin_skip_building_tests' from command line to 'False'
[0.668s] DEBUG:colcon.colcon_core.verb:Building package 'turtlebot3_custom_simulation' with the following arguments: {'ament_cmake_args': None, 'build_base': '/home/elianaostro/Documents/robotica/build/turtlebot3_custom_simulation', 'catkin_cmake_args': None, 'catkin_skip_building_tests': False, 'cmake_args': None, 'cmake_clean_cache': False, 'cmake_clean_first': False, 'cmake_force_configure': False, 'cmake_target': None, 'cmake_target_skip_unavailable': False, 'install_base': '/home/elianaostro/Documents/robotica/install/turtlebot3_custom_simulation', 'merge_install': False, 'path': '/home/elianaostro/Documents/robotica/turtlebot3_custom_simulation', 'symlink_install': True, 'test_result_base': None}
[0.668s] INFO:colcon.colcon_core.executor:Executing jobs using 'parallel' executor
[0.669s] DEBUG:colcon.colcon_parallel_executor.executor.parallel:run_until_complete
[0.670s] INFO:colcon.colcon_ros.task.ament_python.build:Building ROS package in '/home/elianaostro/Documents/robotica/tp2' with build type 'ament_python'
[0.670s] Level 1:colcon.colcon_core.shell:create_environment_hook('tp2', 'ament_prefix_path')
[0.674s] INFO:colcon.colcon_core.plugin_system:Skipping extension 'colcon_core.shell.bat': Not used on non-Windows systems
[0.674s] INFO:colcon.colcon_core.shell:Creating environment hook '/home/elianaostro/Documents/robotica/install/tp2/share/tp2/hook/ament_prefix_path.ps1'
[0.676s] INFO:colcon.colcon_core.shell:Creating environment descriptor '/home/elianaostro/Documents/robotica/install/tp2/share/tp2/hook/ament_prefix_path.dsv'
[0.677s] INFO:colcon.colcon_core.shell:Creating environment hook '/home/elianaostro/Documents/robotica/install/tp2/share/tp2/hook/ament_prefix_path.sh'
[0.678s] INFO:colcon.colcon_core.shell:Skip shell extension 'powershell' for command environment: Not usable outside of PowerShell
[0.678s] DEBUG:colcon.colcon_core.shell:Skip shell extension 'dsv' for command environment
[0.686s] INFO:colcon.colcon_ros.task.ament_cmake.build:Building ROS package in '/home/elianaostro/Documents/robotica/turtlebot3_custom_simulation' with build type 'ament_cmake'
[0.687s] INFO:colcon.colcon_cmake.task.cmake.build:Building CMake package in '/home/elianaostro/Documents/robotica/turtlebot3_custom_simulation'
[0.687s] INFO:colcon.colcon_core.shell:Skip shell extension 'powershell' for command environment: Not usable outside of PowerShell
[0.687s] DEBUG:colcon.colcon_core.shell:Skip shell extension 'dsv' for command environment
[1.412s] INFO:colcon.colcon_core.task.python.build:Building Python package in '/home/elianaostro/Documents/robotica/tp2'
[1.413s] INFO:colcon.colcon_core.shell:Skip shell extension 'powershell' for command environment: Not usable outside of PowerShell
[1.413s] DEBUG:colcon.colcon_core.shell:Skip shell extension 'dsv' for command environment
[1.436s] DEBUG:colcon.colcon_core.event_handler.log_command:Invoking command in '/home/elianaostro/Documents/robotica/build/turtlebot3_custom_simulation': CMAKE_PREFIX_PATH=${CMAKE_PREFIX_PATH}:/opt/ros/jazzy /usr/bin/cmake /home/elianaostro/Documents/robotica/turtlebot3_custom_simulation -DAMENT_CMAKE_SYMLINK_INSTALL=1 -DCMAKE_INSTALL_PREFIX=/home/elianaostro/Documents/robotica/install/turtlebot3_custom_simulation
[4.728s] DEBUG:colcon.colcon_core.event_handler.log_command:Invoking command in '/home/elianaostro/Documents/robotica/build/tp2': PYTHONPATH=/home/elianaostro/Documents/robotica/build/tp2/prefix_override:/usr/lib/python3/dist-packages/colcon_core/task/python/colcon_distutils_commands:/home/elianaostro/Documents/robotica/install/tp2/lib/python3.12/site-packages:${PYTHONPATH} /usr/bin/python3 -W ignore:setup.py install is deprecated -W ignore:easy_install command is deprecated setup.py develop --editable --build-directory /home/elianaostro/Documents/robotica/build/tp2/build --no-deps symlink_data
[5.264s] DEBUG:colcon.colcon_core.event_handler.log_command:Invoked command in '/home/elianaostro/Documents/robotica/build/turtlebot3_custom_simulation' returned '0': CMAKE_PREFIX_PATH=${CMAKE_PREFIX_PATH}:/opt/ros/jazzy /usr/bin/cmake /home/elianaostro/Documents/robotica/turtlebot3_custom_simulation -DAMENT_CMAKE_SYMLINK_INSTALL=1 -DCMAKE_INSTALL_PREFIX=/home/elianaostro/Documents/robotica/install/turtlebot3_custom_simulation
[5.271s] DEBUG:colcon.colcon_core.event_handler.log_command:Invoking command in '/home/elianaostro/Documents/robotica/build/turtlebot3_custom_simulation': CMAKE_PREFIX_PATH=${CMAKE_PREFIX_PATH}:/opt/ros/jazzy /usr/bin/cmake --build /home/elianaostro/Documents/robotica/build/turtlebot3_custom_simulation -- -j8 -l8
[7.632s] Level 1:colcon.colcon_core.shell:create_environment_hook('tp2', 'pythonpath_develop')
[7.633s] INFO:colcon.colcon_core.shell:Creating environment hook '/home/elianaostro/Documents/robotica/build/tp2/share/tp2/hook/pythonpath_develop.ps1'
[7.635s] DEBUG:colcon.colcon_core.event_handler.log_command:Invoked command in '/home/elianaostro/Documents/robotica/build/tp2' returned '0': PYTHONPATH=/home/elianaostro/Documents/robotica/build/tp2/prefix_override:/usr/lib/python3/dist-packages/colcon_core/task/python/colcon_distutils_commands:/home/elianaostro/Documents/robotica/install/tp2/lib/python3.12/site-packages:${PYTHONPATH} /usr/bin/python3 -W ignore:setup.py install is deprecated -W ignore:easy_install command is deprecated setup.py develop --editable --build-directory /home/elianaostro/Documents/robotica/build/tp2/build --no-deps symlink_data
[7.637s] INFO:colcon.colcon_core.shell:Creating environment descriptor '/home/elianaostro/Documents/robotica/build/tp2/share/tp2/hook/pythonpath_develop.dsv'
[7.639s] INFO:colcon.colcon_core.shell:Creating environment hook '/home/elianaostro/Documents/robotica/build/tp2/share/tp2/hook/pythonpath_develop.sh'
[7.655s] Level 1:colcon.colcon_core.environment:checking '/home/elianaostro/Documents/robotica/install/tp2' for CMake module files
[7.658s] Level 1:colcon.colcon_core.environment:checking '/home/elianaostro/Documents/robotica/install/tp2' for CMake config files
[7.662s] Level 1:colcon.colcon_core.environment:checking '/home/elianaostro/Documents/robotica/install/tp2/lib'
[7.662s] Level 1:colcon.colcon_core.environment:checking '/home/elianaostro/Documents/robotica/install/tp2/bin'
[7.663s] Level 1:colcon.colcon_core.environment:checking '/home/elianaostro/Documents/robotica/install/tp2/lib/pkgconfig/tp2.pc'
[7.664s] Level 1:colcon.colcon_core.environment:checking '/home/elianaostro/Documents/robotica/install/tp2/lib/python3.12/site-packages'
[7.665s] Level 1:colcon.colcon_core.shell:create_environment_hook('tp2', 'pythonpath')
[7.666s] INFO:colcon.colcon_core.shell:Creating environment hook '/home/elianaostro/Documents/robotica/install/tp2/share/tp2/hook/pythonpath.ps1'
[7.669s] INFO:colcon.colcon_core.shell:Creating environment descriptor '/home/elianaostro/Documents/robotica/install/tp2/share/tp2/hook/pythonpath.dsv'
[7.671s] INFO:colcon.colcon_core.shell:Creating environment hook '/home/elianaostro/Documents/robotica/install/tp2/share/tp2/hook/pythonpath.sh'
[7.674s] Level 1:colcon.colcon_core.environment:checking '/home/elianaostro/Documents/robotica/install/tp2/bin'
[7.674s] Level 1:colcon.colcon_core.environment:create_environment_scripts_only(tp2)
[7.675s] INFO:colcon.colcon_core.shell:Creating package script '/home/elianaostro/Documents/robotica/install/tp2/share/tp2/package.ps1'
[7.679s] INFO:colcon.colcon_core.shell:Creating package descriptor '/home/elianaostro/Documents/robotica/install/tp2/share/tp2/package.dsv'
[7.681s] INFO:colcon.colcon_core.shell:Creating package script '/home/elianaostro/Documents/robotica/install/tp2/share/tp2/package.sh'
[7.683s] INFO:colcon.colcon_core.shell:Creating package script '/home/elianaostro/Documents/robotica/install/tp2/share/tp2/package.bash'
[7.685s] INFO:colcon.colcon_core.shell:Creating package script '/home/elianaostro/Documents/robotica/install/tp2/share/tp2/package.zsh'
[7.687s] Level 1:colcon.colcon_core.environment:create_file_with_runtime_dependencies(/home/elianaostro/Documents/robotica/install/tp2/share/colcon-core/packages/tp2)
[45.114s] DEBUG:colcon.colcon_core.event_handler.log_command:Invoked command in '/home/elianaostro/Documents/robotica/build/turtlebot3_custom_simulation' returned '0': CMAKE_PREFIX_PATH=${CMAKE_PREFIX_PATH}:/opt/ros/jazzy /usr/bin/cmake --build /home/elianaostro/Documents/robotica/build/turtlebot3_custom_simulation -- -j8 -l8
[45.154s] DEBUG:colcon.colcon_core.event_handler.log_command:Invoking command in '/home/elianaostro/Documents/robotica/build/turtlebot3_custom_simulation': CMAKE_PREFIX_PATH=${CMAKE_PREFIX_PATH}:/opt/ros/jazzy /usr/bin/cmake --install /home/elianaostro/Documents/robotica/build/turtlebot3_custom_simulation
[46.826s] Level 1:colcon.colcon_core.environment:create_environment_scripts_only(turtlebot3_custom_simulation)
[46.827s] Level 1:colcon.colcon_core.environment:checking '/home/elianaostro/Documents/robotica/install/turtlebot3_custom_simulation' for CMake module files
[46.830s] DEBUG:colcon.colcon_core.event_handler.log_command:Invoked command in '/home/elianaostro/Documents/robotica/build/turtlebot3_custom_simulation' returned '0': CMAKE_PREFIX_PATH=${CMAKE_PREFIX_PATH}:/opt/ros/jazzy /usr/bin/cmake --install /home/elianaostro/Documents/robotica/build/turtlebot3_custom_simulation
[46.832s] Level 1:colcon.colcon_core.environment:checking '/home/elianaostro/Documents/robotica/install/turtlebot3_custom_simulation' for CMake config files
[46.835s] Level 1:colcon.colcon_core.shell:create_environment_hook('turtlebot3_custom_simulation', 'cmake_prefix_path')
[46.836s] INFO:colcon.colcon_core.shell:Creating environment hook '/home/elianaostro/Documents/robotica/install/turtlebot3_custom_simulation/share/turtlebot3_custom_simulation/hook/cmake_prefix_path.ps1'
[46.838s] INFO:colcon.colcon_core.shell:Creating environment descriptor '/home/elianaostro/Documents/robotica/install/turtlebot3_custom_simulation/share/turtlebot3_custom_simulation/hook/cmake_prefix_path.dsv'
[46.839s] INFO:colcon.colcon_core.shell:Creating environment hook '/home/elianaostro/Documents/robotica/install/turtlebot3_custom_simulation/share/turtlebot3_custom_simulation/hook/cmake_prefix_path.sh'
[46.842s] Level 1:colcon.colcon_core.environment:checking '/home/elianaostro/Documents/robotica/install/turtlebot3_custom_simulation/lib'
[46.842s] Level 1:colcon.colcon_core.environment:checking '/home/elianaostro/Documents/robotica/install/turtlebot3_custom_simulation/bin'
[46.843s] Level 1:colcon.colcon_core.environment:checking '/home/elianaostro/Documents/robotica/install/turtlebot3_custom_simulation/lib/pkgconfig/turtlebot3_custom_simulation.pc'
[46.844s] Level 1:colcon.colcon_core.environment:checking '/home/elianaostro/Documents/robotica/install/turtlebot3_custom_simulation/lib/python3.12/site-packages'
[46.845s] Level 1:colcon.colcon_core.environment:checking '/home/elianaostro/Documents/robotica/install/turtlebot3_custom_simulation/bin'
[46.846s] INFO:colcon.colcon_core.shell:Creating package script '/home/elianaostro/Documents/robotica/install/turtlebot3_custom_simulation/share/turtlebot3_custom_simulation/package.ps1'
[46.848s] INFO:colcon.colcon_core.shell:Creating package descriptor '/home/elianaostro/Documents/robotica/install/turtlebot3_custom_simulation/share/turtlebot3_custom_simulation/package.dsv'
[46.850s] INFO:colcon.colcon_core.shell:Creating package script '/home/elianaostro/Documents/robotica/install/turtlebot3_custom_simulation/share/turtlebot3_custom_simulation/package.sh'
[46.851s] INFO:colcon.colcon_core.shell:Creating package script '/home/elianaostro/Documents/robotica/install/turtlebot3_custom_simulation/share/turtlebot3_custom_simulation/package.bash'
[46.853s] INFO:colcon.colcon_core.shell:Creating package script '/home/elianaostro/Documents/robotica/install/turtlebot3_custom_simulation/share/turtlebot3_custom_simulation/package.zsh'
[46.854s] Level 1:colcon.colcon_core.environment:create_file_with_runtime_dependencies(/home/elianaostro/Documents/robotica/install/turtlebot3_custom_simulation/share/colcon-core/packages/turtlebot3_custom_simulation)
[46.856s] Level 1:colcon.colcon_core.environment:create_environment_scripts_only(turtlebot3_custom_simulation)
[46.857s] Level 1:colcon.colcon_core.environment:checking '/home/elianaostro/Documents/robotica/install/turtlebot3_custom_simulation' for CMake module files
[46.859s] Level 1:colcon.colcon_core.environment:checking '/home/elianaostro/Documents/robotica/install/turtlebot3_custom_simulation' for CMake config files
[46.861s] Level 1:colcon.colcon_core.shell:create_environment_hook('turtlebot3_custom_simulation', 'cmake_prefix_path')
[46.862s] INFO:colcon.colcon_core.shell:Creating environment hook '/home/elianaostro/Documents/robotica/install/turtlebot3_custom_simulation/share/turtlebot3_custom_simulation/hook/cmake_prefix_path.ps1'
[46.863s] INFO:colcon.colcon_core.shell:Creating environment descriptor '/home/elianaostro/Documents/robotica/install/turtlebot3_custom_simulation/share/turtlebot3_custom_simulation/hook/cmake_prefix_path.dsv'
[46.865s] INFO:colcon.colcon_core.shell:Creating environment hook '/home/elianaostro/Documents/robotica/install/turtlebot3_custom_simulation/share/turtlebot3_custom_simulation/hook/cmake_prefix_path.sh'
[46.867s] Level 1:colcon.colcon_core.environment:checking '/home/elianaostro/Documents/robotica/install/turtlebot3_custom_simulation/lib'
[46.867s] Level 1:colcon.colcon_core.environment:checking '/home/elianaostro/Documents/robotica/install/turtlebot3_custom_simulation/bin'
[46.868s] Level 1:colcon.colcon_core.environment:checking '/home/elianaostro/Documents/robotica/install/turtlebot3_custom_simulation/lib/pkgconfig/turtlebot3_custom_simulation.pc'
[46.868s] Level 1:colcon.colcon_core.environment:checking '/home/elianaostro/Documents/robotica/install/turtlebot3_custom_simulation/lib/python3.12/site-packages'
[46.870s] Level 1:colcon.colcon_core.environment:checking '/home/elianaostro/Documents/robotica/install/turtlebot3_custom_simulation/bin'
[46.871s] INFO:colcon.colcon_core.shell:Creating package script '/home/elianaostro/Documents/robotica/install/turtlebot3_custom_simulation/share/turtlebot3_custom_simulation/package.ps1'
[46.873s] INFO:colcon.colcon_core.shell:Creating package descriptor '/home/elianaostro/Documents/robotica/install/turtlebot3_custom_simulation/share/turtlebot3_custom_simulation/package.dsv'
[46.875s] INFO:colcon.colcon_core.shell:Creating package script '/home/elianaostro/Documents/robotica/install/turtlebot3_custom_simulation/share/turtlebot3_custom_simulation/package.sh'
[46.878s] INFO:colcon.colcon_core.shell:Creating package script '/home/elianaostro/Documents/robotica/install/turtlebot3_custom_simulation/share/turtlebot3_custom_simulation/package.bash'
[46.880s] INFO:colcon.colcon_core.shell:Creating package script '/home/elianaostro/Documents/robotica/install/turtlebot3_custom_simulation/share/turtlebot3_custom_simulation/package.zsh'
[46.881s] Level 1:colcon.colcon_core.environment:create_file_with_runtime_dependencies(/home/elianaostro/Documents/robotica/install/turtlebot3_custom_simulation/share/colcon-core/packages/turtlebot3_custom_simulation)
[46.882s] DEBUG:colcon.colcon_parallel_executor.executor.parallel:closing loop
[46.884s] DEBUG:colcon.colcon_parallel_executor.executor.parallel:loop closed
[46.885s] DEBUG:colcon.colcon_parallel_executor.executor.parallel:run_until_complete finished with '0'
[46.885s] DEBUG:colcon.colcon_core.event_reactor:joining thread
[46.905s] INFO:colcon.colcon_core.plugin_system:Skipping extension 'colcon_notification.desktop_notification.terminal_notifier': Not used on non-Darwin systems
[46.906s] INFO:colcon.colcon_core.plugin_system:Skipping extension 'colcon_notification.desktop_notification.win32': Not used on non-Windows systems
[46.906s] INFO:colcon.colcon_notification.desktop_notification:Sending desktop notification using 'notify2'
[46.918s] DEBUG:colcon.colcon_core.event_reactor:joined thread
[46.919s] INFO:colcon.colcon_core.shell:Creating prefix script '/home/elianaostro/Documents/robotica/install/local_setup.ps1'
[46.922s] INFO:colcon.colcon_core.shell:Creating prefix util module '/home/elianaostro/Documents/robotica/install/_local_setup_util_ps1.py'
[46.927s] INFO:colcon.colcon_core.shell:Creating prefix chain script '/home/elianaostro/Documents/robotica/install/setup.ps1'
[46.931s] INFO:colcon.colcon_core.shell:Creating prefix script '/home/elianaostro/Documents/robotica/install/local_setup.sh'
[46.933s] INFO:colcon.colcon_core.shell:Creating prefix util module '/home/elianaostro/Documents/robotica/install/_local_setup_util_sh.py'
[46.935s] INFO:colcon.colcon_core.shell:Creating prefix chain script '/home/elianaostro/Documents/robotica/install/setup.sh'
[46.942s] INFO:colcon.colcon_core.shell:Creating prefix script '/home/elianaostro/Documents/robotica/install/local_setup.bash'
[46.945s] INFO:colcon.colcon_core.shell:Creating prefix chain script '/home/elianaostro/Documents/robotica/install/setup.bash'
[46.952s] INFO:colcon.colcon_core.shell:Creating prefix script '/home/elianaostro/Documents/robotica/install/local_setup.zsh'
[46.955s] INFO:colcon.colcon_core.shell:Creating prefix chain script '/home/elianaostro/Documents/robotica/install/setup.zsh'
