[3.722s] Invoking command in '/home/elianaostro/Documents/robotica/build/tp2': PYTHONPATH=/home/elianaostro/Documents/robotica/build/tp2/prefix_override:/usr/lib/python3/dist-packages/colcon_core/task/python/colcon_distutils_commands:/home/elianaostro/Documents/robotica/install/tp2/lib/python3.12/site-packages:${PYTHONPATH} /usr/bin/python3 -W ignore:setup.py install is deprecated -W ignore:easy_install command is deprecated setup.py develop --editable --build-directory /home/elianaostro/Documents/robotica/build/tp2/build --no-deps symlink_data
[5.293s] running develop
[6.162s] /usr/lib/python3/dist-packages/setuptools/command/easy_install.py:363: UserWarning: Unbuilt egg for pytest-repeat [unknown version] (/usr/lib/python3/dist-packages)
[6.163s]   self.local_index = Environment(self.shadow_path + sys.path)
[6.355s] running egg_info
[6.356s] creating tp2.egg-info
[6.458s] writing tp2.egg-info/PKG-INFO
[6.459s] writing dependency_links to tp2.egg-info/dependency_links.txt
[6.460s] writing entry points to tp2.egg-info/entry_points.txt
[6.461s] writing requirements to tp2.egg-info/requires.txt
[6.461s] writing top-level names to tp2.egg-info/top_level.txt
[6.462s] writing manifest file 'tp2.egg-info/SOURCES.txt'
[6.691s] reading manifest file 'tp2.egg-info/SOURCES.txt'
[6.694s] writing manifest file 'tp2.egg-info/SOURCES.txt'
[6.809s] running build_ext
[6.810s] Creating /home/elianaostro/Documents/robotica/install/tp2/lib/python3.12/site-packages/tp2.egg-link (link to .)
[6.813s] Installing my_odometry script to /home/elianaostro/Documents/robotica/install/tp2/lib/tp2
[6.814s] 
[6.815s] Installed /home/elianaostro/Documents/robotica/build/tp2
[6.816s] running symlink_data
[6.816s] creating /home/elianaostro/Documents/robotica/install/tp2/share/ament_index
[6.817s] creating /home/elianaostro/Documents/robotica/install/tp2/share/ament_index/resource_index
[6.818s] creating /home/elianaostro/Documents/robotica/install/tp2/share/ament_index/resource_index/packages
[6.819s] symbolically linking /home/elianaostro/Documents/robotica/build/tp2/resource/tp2 -> /home/elianaostro/Documents/robotica/install/tp2/share/ament_index/resource_index/packages
[6.820s] symbolically linking /home/elianaostro/Documents/robotica/build/tp2/package.xml -> /home/elianaostro/Documents/robotica/install/tp2/share/tp2
[6.820s] creating /home/elianaostro/Documents/robotica/install/tp2/share/tp2/launch
[6.821s] symbolically linking /home/elianaostro/Documents/robotica/build/tp2/launch/launch_my_odometry.launch.py -> /home/elianaostro/Documents/robotica/install/tp2/share/tp2/launch
[6.821s] creating /home/elianaostro/Documents/robotica/install/tp2/share/tp2/rviz
[6.822s] symbolically linking /home/elianaostro/Documents/robotica/build/tp2/rviz/odometry.rviz -> /home/elianaostro/Documents/robotica/install/tp2/share/tp2/rviz
